========================================================================= 
Log Path: logs/log/2023-01-31_091852.log 
Program Path: /Users/ehuntley/Desktop/dev/deduplicate-owners/run.R 
Working Directory: /Users/ehuntley/Desktop/dev/deduplicate-owners 
User Name: ehuntley 
R Version: 4.1.3 (2022-03-10) 
Machine: MacBook-Pro-3.local arm64 
Operating System: Darwin 21.3.0 Darwin Kernel Version 21.3.0: Wed Jan 5 21:37:58 PST 2022; root:xnu-8019.80.24~20/RELEASE_ARM64_T6000 
Base Packages: stats graphics grDevices datasets utils methods base Other Packages: tigris_1.6.1 igraph_1.3.5 quanteda.textstats_0.96 quanteda_3.2.4 sf_1.0-9 logr_1.3.3 stringr_1.5.0 purrr_1.0.1 readr_2.1.3 tidyr_1.2.1 dplyr_1.0.10 
Log Start Time: 2023-01-31 09:18:52 
========================================================================= 

Tue Jan 31 09:18:52 2023: Reading and processing corporations from delimited text. 

NOTE: Log Print Time:  2023-01-31 09:18:52 
NOTE: Elapsed Time: 0.00846099853515625 secs 

Tue Jan 31 09:19:31 2023: Reading and processing parcels and assessors table from GDB. 

NOTE: Log Print Time:  2023-01-31 09:19:31 
NOTE: Elapsed Time: 38.5382800102234 secs 

Tue Jan 31 09:19:48 2023: Deduplicating assessor's ownership information 

NOTE: Log Print Time:  2023-01-31 09:19:48 
NOTE: Elapsed Time: 17.0780339241028 secs 

Tue Jan 31 09:19:54 2023: Identifying ownership network. 

NOTE: Log Print Time:  2023-01-31 09:19:54 
NOTE: Elapsed Time: 6.16495513916016 secs 

Tue Jan 31 09:20:02 2023: Writing output. 

NOTE: Log Print Time:  2023-01-31 09:20:02 
NOTE: Elapsed Time: 8.01613092422485 secs 

========================================================================= 
Log End Time: 2023-01-31 09:20:05 
Log Elapsed Time: 0 00:01:13 
========================================================================= 
