========================================================================= 
Log Path: logs/log/2023-01-30_200747.log 
Program Path: /Users/ehuntley/Desktop/dev/deduplicate-owners/run.R 
Working Directory: /Users/ehuntley/Desktop/dev/deduplicate-owners 
User Name: ehuntley 
R Version: 4.1.3 (2022-03-10) 
Machine: MacBook-Pro-3.local arm64 
Operating System: Darwin 21.3.0 Darwin Kernel Version 21.3.0: Wed Jan 5 21:37:58 PST 2022; root:xnu-8019.80.24~20/RELEASE_ARM64_T6000 
Base Packages: stats graphics grDevices datasets utils methods base Other Packages: igraph_1.3.5 quanteda.textstats_0.96 quanteda_3.2.4 sf_1.0-9 logr_1.3.3 stringr_1.5.0 purrr_1.0.1 readr_2.1.3 tidyr_1.2.1 dplyr_1.0.10 
Log Start Time: 2023-01-30 20:07:47 
========================================================================= 

Mon Jan 30 20:07:47 2023: Reading and processing corporations from delimited text. 

NOTE: Log Print Time:  2023-01-30 20:07:47 
NOTE: Elapsed Time: 0.0062098503112793 secs 

Mon Jan 30 20:08:25 2023: Reading and processing parcels and assessors table from GDB. 

NOTE: Log Print Time:  2023-01-30 20:08:25 
NOTE: Elapsed Time: 37.7026610374451 secs 

Mon Jan 30 20:14:52 2023: Deduplicating assessor's ownership information 

NOTE: Log Print Time:  2023-01-30 20:14:52 
NOTE: Elapsed Time: 6.45209686756134 mins 

