========================================================================= 
Log Path: logs/log/2023-01-30_184208_log.log 
Program Path: /Users/ehuntley/Desktop/dev/parcel_process/README.md 
Working Directory: /Users/ehuntley/Desktop/dev/parcel_process 
User Name: ehuntley 
R Version: 4.1.3 (2022-03-10) 
Machine: MacBook-Pro-3.local arm64 
Operating System: Darwin 21.3.0 Darwin Kernel Version 21.3.0: Wed Jan 5 21:37:58 PST 2022; root:xnu-8019.80.24~20/RELEASE_ARM64_T6000 
Base Packages: stats graphics grDevices datasets utils methods base Other Packages: igraph_1.3.5 quanteda.textstats_0.96 quanteda_3.2.4 sf_1.0-9 logr_1.3.3 stringr_1.5.0 purrr_1.0.1 readr_2.1.3 tidyr_1.2.1 dplyr_1.0.10 
Log Start Time: 2023-01-30 18:42:08 
========================================================================= 

Mon Jan 30 18:42:08 2023: Reading and processing corporations from delimited text. 

NOTE: Log Print Time:  2023-01-30 18:42:08 
NOTE: Elapsed Time: 0.00344991683959961 secs 

Mon Jan 30 18:42:42 2023: Reading and processing parcels and assessors table from GDB. 

NOTE: Log Print Time:  2023-01-30 18:42:42 
NOTE: Elapsed Time: 33.1787459850311 secs 

Mon Jan 30 18:43:14 2023: Deduplicating assessor's ownership information 

NOTE: Log Print Time:  2023-01-30 18:43:14 
NOTE: Elapsed Time: 32.8227400779724 secs 

Mon Jan 30 18:43:16 2023: Identifying ownership network. 

NOTE: Log Print Time:  2023-01-30 18:43:16 
NOTE: Elapsed Time: 1.10385394096375 secs 

Mon Jan 30 18:43:23 2023: Writing output. 

NOTE: Log Print Time:  2023-01-30 18:43:23 
NOTE: Elapsed Time: 7.78317403793335 secs 

========================================================================= 
Log End Time: 2023-01-30 18:43:24 
Log Elapsed Time: 0 00:01:15 
========================================================================= 
